<?xml version="1.0" encoding="UTF-8"?>
<!-- Generated by org.testng.reporters.JUnitReportReporter -->
<testsuite hostname="TMZ-DPC-2236" failures="0" tests="1" name="runner.TestngRunner" time="37.618" errors="0" timestamp="2023-11-28T12:47:53 IST" skipped="0">
  <testcase classname="runner.TestngRunner" name="runScenario" time="37.618"/>
</testsuite> <!-- runner.TestngRunner -->
