<?xml version="1.0" encoding="UTF-8"?>
<!-- Generated by org.testng.reporters.JUnitReportReporter -->
<testsuite hostname="TMZ-DPC-2236" failures="0" tests="4" name="runner.CucumberRunner" time="70.901" errors="0" timestamp="2023-11-28T16:05:00 IST" skipped="0">
  <testcase classname="runner.CucumberRunner" name="runScenario" time="32.017"/>
  <testcase classname="runner.CucumberRunner" name="runScenario" time="11.512"/>
  <testcase classname="runner.CucumberRunner" name="runScenario" time="13.674"/>
  <testcase classname="runner.CucumberRunner" name="runScenario" time="13.698"/>
</testsuite> <!-- runner.CucumberRunner -->
